WhatWeb - Checks for X-XSS Protection Header
------------------------

[1m[31mERROR Opening: http://demo.testfire - no address for demo.testfire[0m


LBD - Checks for DNS/HTTP Load Balancers.
------------------------


lbd - load balancing detector 0.4 - Checks if a given domain uses load-balancing.
                                    Written by Stefan Behte (http://ge.mine.nu)
                                    Proof-of-concept! Might give false positives.

Checking for DNS-Loadbalancing: NOT FOUND
Checking for HTTP-Loadbalancing [Server]: 


















































 NOT FOUND

Checking for HTTP-Loadbalancing [Date]: , No date header found, skipping.

Checking for HTTP-Loadbalancing [Diff]: /usr/bin/lbd: line 154: printf: write error: Broken pipe
NOT FOUND

demo.testfire does NOT use Load-balancing.



The Harvester - Scans for emails using Google's passive search.
------------------------

Read proxies.yaml from /home/kali/.theHarvester/proxies.yaml
*******************************************************************
*  _   _                                            _             *
* | |_| |__   ___    /\  /\__ _ _ ____   _____  ___| |_ ___ _ __  *
* | __|  _ \ / _ \  / /_/ / _` | '__\ \ / / _ \/ __| __/ _ \ '__| *
* | |_| | | |  __/ / __  / (_| | |   \ V /  __/\__ \ ||  __/ |    *
*  \__|_| |_|\___| \/ /_/ \__,_|_|    \_/ \___||___/\__\___|_|    *
*                                                                 *
* theHarvester 4.6.0                                              *
* Coded by Christian Martorella                                   *
* Edge-Security Research                                          *
* cmartorella@edge-security.com                                   *
*                                                                 *
*******************************************************************

[!] Invalid source.



Host - Checks for existence of IPV6 address.
------------------------

;; communications error to ::1#53: connection refused
;; communications error to ::1#53: connection refused
;; communications error to 127.0.0.1#53: connection refused
;; no servers could be reached


AMass - Brutes Domain for Subdomains
------------------------

No assets were discovered

The enumeration has finished


Fierce Subdomains Bruter - Brute Forces Subdomain Discovery.
------------------------

Traceback (most recent call last):
  File "/usr/lib/python3/dist-packages/dns/resolver.py", line 992, in read_resolv_conf
    cm: contextlib.AbstractContextManager = open(f)
                                            ^^^^^^^
FileNotFoundError: [Errno 2] No such file or directory: '/etc/resolv.conf'

During handling of the above exception, another exception occurred:

Traceback (most recent call last):
  File "/usr/bin/fierce", line 33, in <module>
    sys.exit(load_entry_point('fierce==1.5.0', 'console_scripts', 'fierce')())
             ^^^^^^^^^^^^^^^^^^^^^^^^^^^^^^^^^^^^^^^^^^^^^^^^^^^^^^^^^^^^^^^^
  File "/usr/lib/python3/dist-packages/fierce/fierce.py", line 491, in main
    fierce(**vars(args))
  File "/usr/lib/python3/dist-packages/fierce/fierce.py", line 284, in fierce
    resolver = dns.resolver.Resolver()
               ^^^^^^^^^^^^^^^^^^^^^^^
  File "/usr/lib/python3/dist-packages/dns/resolver.py", line 944, in __init__
    self.read_resolv_conf(filename)
  File "/usr/lib/python3/dist-packages/dns/resolver.py", line 995, in read_resolv_conf
    raise NoResolverConfiguration(f"cannot open {f}")
dns.resolver.NoResolverConfiguration: cannot open /etc/resolv.conf


Fierce Subdomains Bruter - Brute Forces Subdomain Discovery.
------------------------

NS: ns-cloud-e2.googledomains.com. ns-cloud-e4.googledomains.com. ns-cloud-e1.googledomains.com. ns-cloud-e3.googledomains.com.
SOA: ns-cloud-e1.googledomains.com. (216.239.32.110)
Zone: failure
Traceback (most recent call last):
  File "/usr/bin/fierce", line 33, in <module>
    sys.exit(load_entry_point('fierce==1.5.0', 'console_scripts', 'fierce')())
             ^^^^^^^^^^^^^^^^^^^^^^^^^^^^^^^^^^^^^^^^^^^^^^^^^^^^^^^^^^^^^^^^
  File "/usr/lib/python3/dist-packages/fierce/fierce.py", line 491, in main
    fierce(**vars(args))
  File "/usr/lib/python3/dist-packages/fierce/fierce.py", line 334, in fierce
    random_subdomain = str(random.randint(1e10, 1e11))  # noqa DUO102, non-cryptographic random use
                           ^^^^^^^^^^^^^^^^^^^^^^^^^^
  File "/usr/lib/python3.12/random.py", line 336, in randint
    return self.randrange(a, b+1)
           ^^^^^^^^^^^^^^^^^^^^^^
  File "/usr/lib/python3.12/random.py", line 301, in randrange
    istart = _index(start)
             ^^^^^^^^^^^^^
TypeError: 'float' object cannot be interpreted as an integer


The Harvester - Scans for emails using Google's passive search.
------------------------

Read proxies.yaml from /home/kali/.theHarvester/proxies.yaml
*******************************************************************
*  _   _                                            _             *
* | |_| |__   ___    /\  /\__ _ _ ____   _____  ___| |_ ___ _ __  *
* | __|  _ \ / _ \  / /_/ / _` | '__\ \ / / _ \/ __| __/ _ \ '__| *
* | |_| | | |  __/ / __  / (_| | |   \ V /  __/\__ \ ||  __/ |    *
*  \__|_| |_|\___| \/ /_/ \__,_|_|    \_/ \___||___/\__\___|_|    *
*                                                                 *
* theHarvester 4.6.0                                              *
* Coded by Christian Martorella                                   *
* Edge-Security Research                                          *
* cmartorella@edge-security.com                                   *
*                                                                 *
*******************************************************************

[!] Invalid source.



Nikto - Checks the Domain Headers.
------------------------

- Nikto v2.5.0
---------------------------------------------------------------------------
+ Multiple IPs found: 34.160.148.59, 64:ff9b::22a0:943b
+ Target IP:          34.160.148.59
+ Target Hostname:    meesho.com
+ Target Port:        80
+ Start Time:         2025-03-02 04:53:25 (GMT-5)
---------------------------------------------------------------------------
+ Server: No banner retrieved
+ /: The anti-clickjacking X-Frame-Options header is not present. See: https://developer.mozilla.org/en-US/docs/Web/HTTP/Headers/X-Frame-Options
+ /: The X-Content-Type-Options header is not set. This could allow the user agent to render the content of the site in a different fashion to the MIME type. See: https://www.netsparker.com/web-vulnerability-scanner/vulnerabilities/missing-content-type-header/
+ Root page / redirects to: https://meesho.com:443/
+ 266 requests: 0 error(s) and 2 item(s) reported on remote host
+ End Time:           2025-03-02 04:53:44 (GMT-5) (19 seconds)
---------------------------------------------------------------------------
+ 1 host(s) tested


The Harvester - Scans for emails using Google's passive search.
------------------------

Read proxies.yaml from /home/kali/.theHarvester/proxies.yaml
*******************************************************************
*  _   _                                            _             *
* | |_| |__   ___    /\  /\__ _ _ ____   _____  ___| |_ ___ _ __  *
* | __|  _ \ / _ \  / /_/ / _` | '__\ \ / / _ \/ __| __/ _ \ '__| *
* | |_| | | |  __/ / __  / (_| | |   \ V /  __/\__ \ ||  __/ |    *
*  \__|_| |_|\___| \/ /_/ \__,_|_|    \_/ \___||___/\__\___|_|    *
*                                                                 *
* theHarvester 4.6.0                                              *
* Coded by Christian Martorella                                   *
* Edge-Security Research                                          *
* cmartorella@edge-security.com                                   *
*                                                                 *
*******************************************************************

[!] Invalid source.



LBD - Checks for DNS/HTTP Load Balancers.
------------------------


lbd - load balancing detector 0.4 - Checks if a given domain uses load-balancing.
                                    Written by Stefan Behte (http://ge.mine.nu)
                                    Proof-of-concept! Might give false positives.

Checking for DNS-Loadbalancing: NOT FOUND
Checking for HTTP-Loadbalancing [Server]: 


















































 NOT FOUND

Checking for HTTP-Loadbalancing [Date]: , No date header found, skipping.

Checking for HTTP-Loadbalancing [Diff]: NOT FOUND

testphp.vulnweb.comm does NOT use Load-balancing.



WhatWeb - Checks for X-XSS Protection Header
------------------------

[1m[31mERROR Opening: http://testphp.vulnweb.comm - no address for testphp.vulnweb.comm[0m


Fierce Subdomains Bruter - Brute Forces Subdomain Discovery.
------------------------

NS: failure
SOA: failure
Failed to lookup NS/SOA, Domain does not exist


Nmap [LOGJAM] - Checks for LOGJAM Vulnerability.
------------------------

Starting Nmap 7.94SVN ( https://nmap.org ) at 2025-04-05 03:22 EDT
Nmap scan report for demo.testfire.net (65.61.137.117)
Host is up (0.29s latency).

PORT    STATE SERVICE
443/tcp open  https
| ssl-dh-params: 
|   VULNERABLE:
|   Diffie-Hellman Key Exchange Insufficient Group Strength
|     State: VULNERABLE
|       Transport Layer Security (TLS) services that use Diffie-Hellman groups
|       of insufficient strength, especially those using one of a few commonly
|       shared groups, may be susceptible to passive eavesdropping attacks.
|     Check results:
|       WEAK DH GROUP 1
|             Cipher Suite: TLS_DHE_RSA_WITH_AES_128_CBC_SHA
|             Modulus Type: Safe prime
|             Modulus Source: RFC2409/Oakley Group 2
|             Modulus Length: 1024
|             Generator Length: 8
|             Public Key Length: 1024
|     References:
|_      https://weakdh.org

Nmap done: 1 IP address (1 host up) scanned in 8.25 seconds


Nikto - Checks the Domain Headers.
------------------------

- Nikto v2.5.0
---------------------------------------------------------------------------
+ Target IP:          65.61.137.117
+ Target Hostname:    demo.testfire.net
+ Target Port:        80
+ Start Time:         2025-04-05 03:26:59 (GMT-4)
---------------------------------------------------------------------------
+ Server: Apache-Coyote/1.1
+ /: The anti-clickjacking X-Frame-Options header is not present. See: https://developer.mozilla.org/en-US/docs/Web/HTTP/Headers/X-Frame-Options
+ /: The X-Content-Type-Options header is not set. This could allow the user agent to render the content of the site in a different fashion to the MIME type. See: https://www.netsparker.com/web-vulnerability-scanner/vulnerabilities/missing-content-type-header/
+ 266 requests: 0 error(s) and 2 item(s) reported on remote host
+ End Time:           2025-04-05 03:28:31 (GMT-4) (92 seconds)
---------------------------------------------------------------------------
+ 1 host(s) tested


SSLyze - Checks for Secure Renegotiation Support and Client Renegotiation.
------------------------


 CHECKING CONNECTIVITY TO SERVER(S)
 ----------------------------------

   demo.testfire.net:443     => 65.61.137.117 


 SCAN RESULTS FOR DEMO.TESTFIRE.NET:443 - 65.61.137.117
 ------------------------------------------------------

 * Session Renegotiation:
       Client Renegotiation DoS Attack:   OK - Not vulnerable
       Secure Renegotiation:              OK - Supported

 SCANS COMPLETED IN 8.966747 S
 -----------------------------

 COMPLIANCE AGAINST MOZILLA TLS CONFIGURATION
 --------------------------------------------

    Disabled; use --mozilla_config={old, intermediate, modern}.



Nmap - Checks for Remote Desktop Service over UDP
------------------------

Starting Nmap 7.94SVN ( https://nmap.org ) at 2025-04-05 03:30 EDT
Nmap scan report for demo.testfire.net (65.61.137.117)
Host is up.

PORT     STATE         SERVICE
3389/udp open|filtered ms-wbt-server

Nmap done: 1 IP address (1 host up) scanned in 2.43 seconds


LBD - Checks for DNS/HTTP Load Balancers.
------------------------


lbd - load balancing detector 0.4 - Checks if a given domain uses load-balancing.
                                    Written by Stefan Behte (http://ge.mine.nu)
                                    Proof-of-concept! Might give false positives.

Checking for DNS-Loadbalancing: NOT FOUND
Checking for HTTP-Loadbalancing [Server]: 
 Apache-Coyote/1.1
 NOT FOUND

Checking for HTTP-Loadbalancing [Date]: 07:31:09, 07:31:10, 07:31:11, 07:31:11, 07:31:12, 07:31:13, 07:31:13, 07:31:14, 07:31:15, 07:31:15, 07:31:16, 07:31:17, 07:31:17, 07:31:18, 07:31:18, 07:31:19, 07:31:20, 07:31:20, 07:31:21, 07:31:22, 07:31:23, 07:31:23, 07:31:24, 07:31:26, 07:31:26, 07:31:27, 07:31:28, 07:31:28, 07:31:29, 07:31:30, 07:31:30, 07:31:31, 07:31:32, 07:31:32, 07:31:33, 07:31:34, 07:31:35, 07:31:35, 07:31:36, 07:31:37, 07:31:37, 07:31:38, 07:31:38, 07:31:39, 07:31:40, 07:31:40, 07:31:41, 07:31:42, 07:31:42, 07:31:43, NOT FOUND

Checking for HTTP-Loadbalancing [Diff]: NOT FOUND

demo.testfire.net does NOT use Load-balancing.



Nikto - Checks for HTTP Options on the Domain.
------------------------

- Nikto v2.5.0
---------------------------------------------------------------------------
+ Target IP:          65.61.137.117
+ Target Hostname:    demo.testfire.net
+ Target Port:        80
+ Start Time:         2025-04-05 03:32:18 (GMT-4)
---------------------------------------------------------------------------
+ Server: Apache-Coyote/1.1
+ OPTIONS: Allowed HTTP Methods: GET, HEAD, POST, PUT, DELETE, OPTIONS .
+ HTTP method ('Allow' Header): 'PUT' method could allow clients to save files on the web server.
+ HTTP method ('Allow' Header): 'DELETE' may allow clients to remove files on the web server.
+ /: Web Server returns a valid response with junk HTTP methods which may cause false positives.
+ 248 requests: 0 error(s) and 4 item(s) reported on remote host
+ End Time:           2025-04-05 03:33:49 (GMT-4) (91 seconds)
---------------------------------------------------------------------------
+ 1 host(s) tested


Fierce Subdomains Bruter - Brute Forces Subdomain Discovery.
------------------------

NS: usw2.akam.net. usc3.akam.net. usc2.akam.net. eur2.akam.net. ns1-99.akam.net. ns1-206.akam.net. eur5.akam.net. asia3.akam.net.
SOA: asia3.akam.net. (23.211.61.64)
Zone: failure
Traceback (most recent call last):
  File "/usr/bin/fierce", line 33, in <module>
    sys.exit(load_entry_point('fierce==1.5.0', 'console_scripts', 'fierce')())
             ^^^^^^^^^^^^^^^^^^^^^^^^^^^^^^^^^^^^^^^^^^^^^^^^^^^^^^^^^^^^^^^^
  File "/usr/lib/python3/dist-packages/fierce/fierce.py", line 491, in main
    fierce(**vars(args))
  File "/usr/lib/python3/dist-packages/fierce/fierce.py", line 334, in fierce
    random_subdomain = str(random.randint(1e10, 1e11))  # noqa DUO102, non-cryptographic random use
                           ^^^^^^^^^^^^^^^^^^^^^^^^^^
  File "/usr/lib/python3.12/random.py", line 336, in randint
    return self.randrange(a, b+1)
           ^^^^^^^^^^^^^^^^^^^^^^
  File "/usr/lib/python3.12/random.py", line 301, in randrange
    istart = _index(start)
             ^^^^^^^^^^^^^
TypeError: 'float' object cannot be interpreted as an integer


WhatWeb - Checks for X-XSS Protection Header
------------------------

[1m[34mhttp://demo.testfire.net[0m [200 OK] [1mApache[0m, [1mCookies[0m[[0m[22mJSESSIONID[0m], [1mCountry[0m[[0m[22mUNITED STATES[0m][[1m[31mUS[0m], [1mHTTPServer[0m[[1m[36mApache-Coyote/1.1[0m], [1mHttpOnly[0m[[0m[22mJSESSIONID[0m], [1mIP[0m[[0m[22m65.61.137.117[0m], [1mJava[0m, [1mTitle[0m[[1m[33mAltoro Mutual[0m]


Host - Checks for existence of IPV6 address.
------------------------

demo.testfire.net has address 65.61.137.117


